[33mStarting up http-server, serving [39m[36mclient/[39m[33m
Available on:[39m
[32m  http:127.0.0.1:80[39m
[32m  http:192.168.1.69:80[39m
Hit CTRL-C to stop the server
[Sun, 08 Nov 2015 00:45:37 GMT] "[36mGET[39m [36m/[39m" "Mozilla/5.0 (compatible; Baiduspider/2.0; +http://www.baidu.com/search/spider.html)"
[Sun, 08 Nov 2015 00:46:19 GMT] "[36mGET[39m [36m/[39m" "Mozilla/5.0 (compatible; Baiduspider/2.0; +http://www.baidu.com/search/spider.html)"
[Sun, 08 Nov 2015 00:58:29 GMT] "[36mGET[39m [36m/[39m" "Mozilla/5.0 (Windows NT 10.0; WOW64) AppleWebKit/537.36 (KHTML, like Gecko) Chrome/46.0.2490.80 Safari/537.36"
[Sun, 08 Nov 2015 00:58:29 GMT] "[36mGET[39m [36m/css/style.css[39m" "Mozilla/5.0 (Windows NT 10.0; WOW64) AppleWebKit/537.36 (KHTML, like Gecko) Chrome/46.0.2490.80 Safari/537.36"
[Sun, 08 Nov 2015 00:58:29 GMT] "[36mGET[39m [36m/js/three.js[39m" "Mozilla/5.0 (Windows NT 10.0; WOW64) AppleWebKit/537.36 (KHTML, like Gecko) Chrome/46.0.2490.80 Safari/537.36"
[Sun, 08 Nov 2015 00:58:29 GMT] "[36mGET[39m [36m/js/OrbitControls.js[39m" "Mozilla/5.0 (Windows NT 10.0; WOW64) AppleWebKit/537.36 (KHTML, like Gecko) Chrome/46.0.2490.80 Safari/537.36"
[Sun, 08 Nov 2015 00:58:29 GMT] "[36mGET[39m [36m/js/OBJLoader.js[39m" "Mozilla/5.0 (Windows NT 10.0; WOW64) AppleWebKit/537.36 (KHTML, like Gecko) Chrome/46.0.2490.80 Safari/537.36"
[Sun, 08 Nov 2015 00:58:29 GMT] "[36mGET[39m [36m/js/MTLLoader.js[39m" "Mozilla/5.0 (Windows NT 10.0; WOW64) AppleWebKit/537.36 (KHTML, like Gecko) Chrome/46.0.2490.80 Safari/537.36"
[Sun, 08 Nov 2015 00:58:29 GMT] "[36mGET[39m [36m/js/OBJMTLLoader.js[39m" "Mozilla/5.0 (Windows NT 10.0; WOW64) AppleWebKit/537.36 (KHTML, like Gecko) Chrome/46.0.2490.80 Safari/537.36"
[Sun, 08 Nov 2015 00:58:29 GMT] "[36mGET[39m [36m/js/keyboard.js[39m" "Mozilla/5.0 (Windows NT 10.0; WOW64) AppleWebKit/537.36 (KHTML, like Gecko) Chrome/46.0.2490.80 Safari/537.36"
[Sun, 08 Nov 2015 00:58:30 GMT] "[36mGET[39m [36m/js/jquery-2.1.4.js[39m" "Mozilla/5.0 (Windows NT 10.0; WOW64) AppleWebKit/537.36 (KHTML, like Gecko) Chrome/46.0.2490.80 Safari/537.36"
[Sun, 08 Nov 2015 00:58:30 GMT] "[36mGET[39m [36m/i18n/es-ES.js[39m" "Mozilla/5.0 (Windows NT 10.0; WOW64) AppleWebKit/537.36 (KHTML, like Gecko) Chrome/46.0.2490.80 Safari/537.36"
[Sun, 08 Nov 2015 00:58:30 GMT] "[36mGET[39m [36m/js/tierra.js[39m" "Mozilla/5.0 (Windows NT 10.0; WOW64) AppleWebKit/537.36 (KHTML, like Gecko) Chrome/46.0.2490.80 Safari/537.36"
[Sun, 08 Nov 2015 00:58:38 GMT] "[36mGET[39m [36m/favicon.ico[39m" "Mozilla/5.0 (Windows NT 10.0; WOW64) AppleWebKit/537.36 (KHTML, like Gecko) Chrome/46.0.2490.80 Safari/537.36"
[Sun, 08 Nov 2015 00:58:38 GMT] "[31mGET[39m [31m/favicon.ico[39m" Error ([31m404[39m): "[31mNot found[39m"
[Sun, 08 Nov 2015 01:53:53 GMT] "[36mGET[39m [36m/[39m" "Mozilla/5.0 (compatible; Baiduspider/2.0; +http://www.baidu.com/search/spider.html)"
[Sun, 08 Nov 2015 01:54:52 GMT] "[36mGET[39m [36m/[39m" "Mozilla/5.0 (compatible; Baiduspider/2.0; +http://www.baidu.com/search/spider.html)"
[Sun, 08 Nov 2015 02:18:58 GMT] "[36mGET[39m [36mhttp://zc.qq.com/cgi-bin/common/attr?id=260714&r=0.9208027067277959[39m" "Mozilla/5.0 (compatible; MSIE 9.0; Windows NT 6.1; Trident/5.0; 360SE)"
[Sun, 08 Nov 2015 02:18:58 GMT] "[31mGET[39m [31mhttp://zc.qq.com/cgi-bin/common/attr?id=260714&r=0.9208027067277959[39m" Error ([31m404[39m): "[31mNot found[39m"
[Sun, 08 Nov 2015 02:19:06 GMT] "[36mGET[39m [36mhttp://zc.qq.com/cgi-bin/common/attr?id=260714&r=0.9541730967892430[39m" "Mozilla/5.0 (compatible; MSIE 9.0; Windows NT 6.1; Trident/5.0; 360SE)"
[Sun, 08 Nov 2015 02:19:06 GMT] "[31mGET[39m [31mhttp://zc.qq.com/cgi-bin/common/attr?id=260714&r=0.9541730967892430[39m" Error ([31m404[39m): "[31mNot found[39m"
[Sun, 08 Nov 2015 03:57:52 GMT] "[36mGET[39m [36m/[39m" "Mozilla/5.0 (compatible; Baiduspider/2.0; +http://www.baidu.com/search/spider.html)"
[Sun, 08 Nov 2015 03:59:06 GMT] "[36mGET[39m [36m/[39m" "Mozilla/5.0 (compatible; Baiduspider/2.0; +http://www.baidu.com/search/spider.html)"
[Sun, 08 Nov 2015 04:47:47 GMT] "[36mGET[39m [36m/[39m" "Mozilla/5.0 (compatible; Baiduspider/2.0; +http://www.baidu.com/search/spider.html)"
[Sun, 08 Nov 2015 04:48:21 GMT] "[36mGET[39m [36m/[39m" "Mozilla/5.0 (compatible; Baiduspider/2.0; +http://www.baidu.com/search/spider.html)"
[Sun, 08 Nov 2015 06:58:00 GMT] "[36mGET[39m [36m/[39m" "Mozilla/5.0 (compatible; Baiduspider/2.0; +http://www.baidu.com/search/spider.html)"
[Sun, 08 Nov 2015 06:59:04 GMT] "[36mGET[39m [36m/[39m" "Mozilla/5.0 (compatible; Baiduspider/2.0; +http://www.baidu.com/search/spider.html)"
[Sun, 08 Nov 2015 07:20:59 GMT] "[36mGET[39m [36mhttp://zc.qq.com/cgi-bin/common/attr?id=260714&r=0.1833487228037010[39m" "Mozilla/5.0 (compatible; MSIE 9.0; Windows NT 6.1; Trident/5.0; 360SE)"
[Sun, 08 Nov 2015 07:20:59 GMT] "[31mGET[39m [31mhttp://zc.qq.com/cgi-bin/common/attr?id=260714&r=0.1833487228037010[39m" Error ([31m404[39m): "[31mNot found[39m"
[Sun, 08 Nov 2015 07:45:10 GMT] "[36mGET[39m [36m/[39m" "Mozilla/5.0 (compatible; Baiduspider/2.0; +http://www.baidu.com/search/spider.html)"
[Sun, 08 Nov 2015 07:45:46 GMT] "[36mGET[39m [36m/[39m" "Mozilla/5.0 (compatible; Baiduspider/2.0; +http://www.baidu.com/search/spider.html)"
[Sun, 08 Nov 2015 07:54:45 GMT] "[36mGET[39m [36m/[39m" "Mozilla/5.0 (Windows NT 6.1; WOW64; rv:42.0) Gecko/20100101 Firefox/42.0"
[Sun, 08 Nov 2015 07:54:46 GMT] "[36mGET[39m [36m/css/style.css[39m" "Mozilla/5.0 (Windows NT 6.1; WOW64; rv:42.0) Gecko/20100101 Firefox/42.0"
[Sun, 08 Nov 2015 07:54:46 GMT] "[36mGET[39m [36m/js/OrbitControls.js[39m" "Mozilla/5.0 (Windows NT 6.1; WOW64; rv:42.0) Gecko/20100101 Firefox/42.0"
[Sun, 08 Nov 2015 07:54:46 GMT] "[36mGET[39m [36m/js/OBJLoader.js[39m" "Mozilla/5.0 (Windows NT 6.1; WOW64; rv:42.0) Gecko/20100101 Firefox/42.0"
[Sun, 08 Nov 2015 07:54:46 GMT] "[36mGET[39m [36m/js/three.js[39m" "Mozilla/5.0 (Windows NT 6.1; WOW64; rv:42.0) Gecko/20100101 Firefox/42.0"
[Sun, 08 Nov 2015 07:54:46 GMT] "[36mGET[39m [36m/js/MTLLoader.js[39m" "Mozilla/5.0 (Windows NT 6.1; WOW64; rv:42.0) Gecko/20100101 Firefox/42.0"
[Sun, 08 Nov 2015 07:54:46 GMT] "[36mGET[39m [36m/js/OBJMTLLoader.js[39m" "Mozilla/5.0 (Windows NT 6.1; WOW64; rv:42.0) Gecko/20100101 Firefox/42.0"
[Sun, 08 Nov 2015 07:54:46 GMT] "[36mGET[39m [36m/js/keyboard.js[39m" "Mozilla/5.0 (Windows NT 6.1; WOW64; rv:42.0) Gecko/20100101 Firefox/42.0"
[Sun, 08 Nov 2015 07:54:46 GMT] "[36mGET[39m [36m/js/jquery-2.1.4.js[39m" "Mozilla/5.0 (Windows NT 6.1; WOW64; rv:42.0) Gecko/20100101 Firefox/42.0"
[Sun, 08 Nov 2015 07:54:46 GMT] "[36mGET[39m [36m/i18n/es-ES.js[39m" "Mozilla/5.0 (Windows NT 6.1; WOW64; rv:42.0) Gecko/20100101 Firefox/42.0"
[Sun, 08 Nov 2015 07:54:46 GMT] "[36mGET[39m [36m/js/tierra.js[39m" "Mozilla/5.0 (Windows NT 6.1; WOW64; rv:42.0) Gecko/20100101 Firefox/42.0"
[Sun, 08 Nov 2015 07:54:46 GMT] "[36mGET[39m [36m/favicon.ico[39m" "Mozilla/5.0 (Windows NT 6.1; WOW64; rv:42.0) Gecko/20100101 Firefox/42.0"
[Sun, 08 Nov 2015 07:54:46 GMT] "[31mGET[39m [31m/favicon.ico[39m" Error ([31m404[39m): "[31mNot found[39m"
[Sun, 08 Nov 2015 07:54:46 GMT] "[36mGET[39m [36m/favicon.ico[39m" "Mozilla/5.0 (Windows NT 6.1; WOW64; rv:42.0) Gecko/20100101 Firefox/42.0"
[Sun, 08 Nov 2015 07:54:46 GMT] "[31mGET[39m [31m/favicon.ico[39m" Error ([31m404[39m): "[31mNot found[39m"
[Sun, 08 Nov 2015 08:45:04 GMT] "[36mGET[39m [36m/[39m" "Mozilla/5.0 (compatible; Baiduspider/2.0; +http://www.baidu.com/search/spider.html)"
[Sun, 08 Nov 2015 08:45:43 GMT] "[36mGET[39m [36m/[39m" "Mozilla/5.0 (compatible; Baiduspider/2.0; +http://www.baidu.com/search/spider.html)"
[Sun, 08 Nov 2015 09:46:00 GMT] "[36mGET[39m [36m/[39m" "Mozilla/5.0 (Windows NT 6.1; WOW64; rv:42.0) Gecko/20100101 Firefox/42.0"
[Sun, 08 Nov 2015 09:46:00 GMT] "[36mGET[39m [36m/css/style.css[39m" "Mozilla/5.0 (Windows NT 6.1; WOW64; rv:42.0) Gecko/20100101 Firefox/42.0"
[Sun, 08 Nov 2015 09:46:00 GMT] "[36mGET[39m [36m/js/three.js[39m" "Mozilla/5.0 (Windows NT 6.1; WOW64; rv:42.0) Gecko/20100101 Firefox/42.0"
[Sun, 08 Nov 2015 09:46:00 GMT] "[36mGET[39m [36m/js/OrbitControls.js[39m" "Mozilla/5.0 (Windows NT 6.1; WOW64; rv:42.0) Gecko/20100101 Firefox/42.0"
[Sun, 08 Nov 2015 09:46:00 GMT] "[36mGET[39m [36m/js/MTLLoader.js[39m" "Mozilla/5.0 (Windows NT 6.1; WOW64; rv:42.0) Gecko/20100101 Firefox/42.0"
[Sun, 08 Nov 2015 09:46:00 GMT] "[36mGET[39m [36m/js/OBJMTLLoader.js[39m" "Mozilla/5.0 (Windows NT 6.1; WOW64; rv:42.0) Gecko/20100101 Firefox/42.0"
[Sun, 08 Nov 2015 09:46:00 GMT] "[36mGET[39m [36m/js/OBJLoader.js[39m" "Mozilla/5.0 (Windows NT 6.1; WOW64; rv:42.0) Gecko/20100101 Firefox/42.0"
[Sun, 08 Nov 2015 09:46:00 GMT] "[36mGET[39m [36m/js/keyboard.js[39m" "Mozilla/5.0 (Windows NT 6.1; WOW64; rv:42.0) Gecko/20100101 Firefox/42.0"
[Sun, 08 Nov 2015 09:46:00 GMT] "[36mGET[39m [36m/js/jquery-2.1.4.js[39m" "Mozilla/5.0 (Windows NT 6.1; WOW64; rv:42.0) Gecko/20100101 Firefox/42.0"
[Sun, 08 Nov 2015 09:46:00 GMT] "[36mGET[39m [36m/i18n/es-ES.js[39m" "Mozilla/5.0 (Windows NT 6.1; WOW64; rv:42.0) Gecko/20100101 Firefox/42.0"
[Sun, 08 Nov 2015 09:46:00 GMT] "[36mGET[39m [36m/js/tierra.js[39m" "Mozilla/5.0 (Windows NT 6.1; WOW64; rv:42.0) Gecko/20100101 Firefox/42.0"
[Sun, 08 Nov 2015 09:46:00 GMT] "[36mGET[39m [36m/favicon.ico[39m" "Mozilla/5.0 (Windows NT 6.1; WOW64; rv:42.0) Gecko/20100101 Firefox/42.0"
[Sun, 08 Nov 2015 09:46:00 GMT] "[31mGET[39m [31m/favicon.ico[39m" Error ([31m404[39m): "[31mNot found[39m"
[Sun, 08 Nov 2015 09:46:00 GMT] "[36mGET[39m [36m/favicon.ico[39m" "Mozilla/5.0 (Windows NT 6.1; WOW64; rv:42.0) Gecko/20100101 Firefox/42.0"
[Sun, 08 Nov 2015 09:46:00 GMT] "[31mGET[39m [31m/favicon.ico[39m" Error ([31m404[39m): "[31mNot found[39m"
[31mhttp-server stopped.[39m
